\BOOKMARK [0][-]{section*.1}{\376\377\000M\036\344\000C\000\040\000L\036\344\000C}{}% 1
\BOOKMARK [0][-]{section*.3}{\376\377\000D\000A\000N\000H\000\040\000S\000\301\000C\000H\000\040\000C\000H\036\356\000\040\000V\000I\036\276\000T\000\040\000T\036\256\000T}{}% 2
\BOOKMARK [0][-]{section*.5}{\376\377\000D\000A\000N\000H\000\040\000S\000\301\000C\000H\000\040\000C\000\301\000C\000\040\000H\000\314\000N\000H}{}% 3
\BOOKMARK [0][-]{section*.7}{\376\377\000D\000A\000N\000H\000\040\000S\000\301\000C\000H\000\040\000C\000\301\000C\000\040\000B\036\242\000N\000G}{}% 4
\BOOKMARK [0][-]{chapter.1}{\376\377\000G\000I\036\332\000I\000\040\000T\000H\000I\036\306\000U\000\040\000V\036\300\000\040\001\020\001\240\000N\000\040\000V\036\312\000\040\000T\000H\036\360\000C\000\040\000T\036\254\000P}{}% 5
\BOOKMARK [1][-]{section.1.1}{\376\377\000G\000i\036\333\000i\000\040\000t\000h\000i\036\307\000u\000\040\000c\000h\000u\000n\000g}{chapter.1}% 6
\BOOKMARK [1][-]{section.1.2}{\376\377\000L\001\051\000n\000h\000\040\000v\036\361\000c\000\040\000h\000o\036\241\000t\000\040\001\021\036\331\000n\000g\000\040\000v\000\340\000\040\000N\000g\000h\000i\000\352\000n\000\040\000c\036\351\000u}{chapter.1}% 7
\BOOKMARK [0][-]{chapter.2}{\376\377\000N\036\330\000I\000\040\000D\000U\000N\000G\000\040\000C\000\324\000N\000G\000\040\000V\000I\036\306\000C\000\040\000T\000H\036\360\000C\000\040\000T\036\254\000P}{}% 8
\BOOKMARK [1][-]{section.2.1}{\376\377\000K\000I\036\276\000N\000\040\000T\000R\000\332\000C\000\040\000H\036\306\000\040\000T\000H\036\320\000N\000G\000\040\000V\000\300\000\040\000L\000\335\000\040\000T\000H\000U\000Y\036\276\000T\000\040\000C\001\240\000\040\000S\036\336}{chapter.2}% 9
\BOOKMARK [2][-]{subsection.2.1.1}{\376\377\000T\036\325\000n\000g\000\040\000q\000u\000a\000n\000\040\000v\036\301\000\040\000H\036\307\000\040\000t\000h\036\321\000n\000g\000\040\000t\000r\000\352\000n\000\040\000C\000h\000i\000p\000\040\000\050\000S\000o\000C\000\051}{section.2.1}% 10
\BOOKMARK [2][-]{subsection.2.1.2}{\376\377\000B\036\331\000\040\000x\036\355\000\040\000l\000\375\000\040\000m\036\301\000m\000\040\000I\000n\000t\000e\000l\000\040\000N\000i\000o\000s\000\040\000V\000/\000m}{section.2.1}% 11
\BOOKMARK [2][-]{subsection.2.1.3}{\376\377\000T\000r\000u\000y\000\040\000c\036\255\000p\000\040\000B\036\331\000\040\000n\000h\036\333\000\040\000T\000r\036\361\000c\000\040\000t\000i\036\277\000p\000\040\000\050\000D\000M\000A\000\051}{section.2.1}% 12
\BOOKMARK [2][-]{subsection.2.1.4}{\376\377\000G\000i\000a\000o\000\040\000t\000i\036\277\000p\000\040\000H\036\307\000\040\000t\000h\036\321\000n\000g\000:\000\040\000B\000u\000s\000\040\000A\000v\000a\000l\000o\000n}{section.2.1}% 13
\BOOKMARK [2][-]{subsection.2.1.5}{\376\377\000T\000h\000i\036\277\000t\000\040\000k\036\277\000\040\000v\000\340\000\040\000K\000i\036\277\000n\000\040\000t\000r\000\372\000c\000\040\000B\036\331\000\040\001\021\000i\036\301\000u\000\040\000k\000h\000i\036\303\000n\000\040\000D\000M\000A\000\040\000T\000\371\000y\000\040\000c\000h\036\311\000n\000h}{section.2.1}% 14
\BOOKMARK [1][-]{section.2.2}{\376\377\000T\000R\000I\036\302\000N\000\040\000K\000H\000A\000I\000\040\000V\000\300\000\040\000K\000I\036\302\000M\000\040\000T\000H\036\354\000\040\000H\036\306\000\040\000T\000H\036\320\000N\000G\000\040\000N\000I\000O\000S\000\040\000V\000\040\000V\036\332\000I\000\040\000D\000M\000A}{chapter.2}% 15
\BOOKMARK [2][-]{subsection.2.2.1}{\376\377\000X\000\342\000y\000\040\000d\036\361\000n\000g\000\040\000H\036\307\000\040\000t\000h\036\321\000n\000g\000\040\000P\000h\036\247\000n\000\040\000c\036\351\000n\000g\000\040\000t\000r\000\352\000n\000\040\000Q\000u\000a\000r\000t\000u\000s\000\040\000P\000r\000i\000m\000e}{section.2.2}% 16
\BOOKMARK [2][-]{subsection.2.2.2}{\376\377\000P\000h\000\341\000t\000\040\000t\000r\000i\036\303\000n\000\040\036\350\000n\000g\000\040\000d\036\345\000n\000g\000\040\000P\000h\036\247\000n\000\040\000m\036\301\000m\000\040\000N\000i\000o\000s\000\040\000V}{section.2.2}% 17
\BOOKMARK [1][-]{section.2.3}{\376\377\000M\000\324\000\040\000P\000H\036\316\000N\000G\000\040\000V\000\300\000\040\000K\000I\036\302\000M\000\040\000T\000H\036\354\000\040\000H\036\306\000\040\000T\000H\036\320\000N\000G\000\040\000N\000I\000O\000S\000\040\000V\000\040\000V\000\300\000\040\000D\000M\000A}{chapter.2}% 18
\BOOKMARK [2][-]{subsection.2.3.1}{\376\377\000C\000\364\000n\000g\000\040\000c\036\345\000\040\000M\000\364\000\040\000p\000h\036\317\000n\000g\000\040\000v\000\340\000\040\000Y\000\352\000u\000\040\000c\036\247\000u\000\040\000M\000\364\000i\000\040\000t\000r\001\260\036\335\000n\000g}{section.2.3}% 19
\BOOKMARK [2][-]{subsection.2.3.2}{\376\377\000K\036\277\000t\000\040\000q\000u\036\243\000\040\000m\000\364\000\040\000p\000h\036\317\000n\000g\000\040\000v\000\340\000\040\000k\000i\036\303\000m\000\040\000t\000h\036\355\000\040\000c\000h\036\351\000c\000\040\000n\001\003\000n\000g}{section.2.3}% 20
\BOOKMARK [2][-]{subsection.2.3.3}{\376\377\000K\036\277\000t\000\040\000l\000u\036\255\000n\000\040\000P\000h\036\247\000n\000\040\000M\000\364\000\040\000p\000h\036\317\000n\000g}{section.2.3}% 21
\BOOKMARK [0][-]{chapter.3}{\376\377\000K\036\276\000T\000\040\000Q\000U\036\242\000\040\001\020\036\240\000T\000\040\001\020\001\257\036\342\000C}{}% 22
\BOOKMARK [1][-]{section.3.1}{\376\377\000K\036\276\000T\000\040\000Q\000U\036\242\000\040\001\020\036\240\000T\000\040\001\020\001\257\036\342\000C\000\040\000V\000\300\000\040\000T\000H\000\301\000I\000\040\001\020\036\330}{chapter.3}% 23
\BOOKMARK [2][-]{subsection.3.1.1}{\376\377\000V\036\301\000\040\000k\000i\036\277\000n\000\040\000t\000h\036\351\000c}{section.3.1}% 24
\BOOKMARK [2][-]{subsection.3.1.2}{\376\377\000V\036\301\000\040\000k\036\371\000\040\000n\001\003\000n\000g}{section.3.1}% 25
\BOOKMARK [2][-]{subsection.3.1.3}{\376\377\000V\036\301\000\040\000t\000h\000\341\000i\000\040\001\021\036\331}{section.3.1}% 26
\BOOKMARK [1][-]{section.3.2}{\376\377\000K\036\276\000T\000\040\000L\000U\036\254\000N}{chapter.3}% 27
\BOOKMARK [0][-]{section*.71}{\376\377\000T\000\300\000I\000\040\000L\000I\036\306\000U\000\040\000T\000H\000A\000M\000\040\000K\000H\036\242\000O}{}% 28
\BOOKMARK [0][-]{appendix.A}{\376\377\000M\000\303\000\040\000N\000G\000U\036\322\000N\000\040\000C\036\346\000A\000\040\000T\000H\000I\036\276\000T\000\040\000K\036\276}{}% 29
\BOOKMARK [1][-]{section.A.1}{\376\377\000M\000\343\000\040\000V\000e\000r\000i\000l\000o\000g\000\040\000T\000o\000p\000-\000L\000e\000v\000e\000l\000\040\000c\000h\000o\000\040\000D\000M\000A\000N\000i\000o\000s\000V}{appendix.A}% 30
\BOOKMARK [1][-]{section.A.2}{\376\377\000M\000\343\000\040\000V\000e\000r\000i\000l\000o\000g\000\040\000D\000M\000A\000\040\000C\000o\000n\000t\000r\000o\000l\000l\000e\000r}{appendix.A}% 31
\BOOKMARK [1][-]{section.A.3}{\376\377\000M\000\343\000\040\000V\000e\000r\000i\000l\000o\000g\000\040\000C\000o\000n\000t\000r\000o\000l\000\040\000S\000l\000a\000v\000e}{appendix.A}% 32
\BOOKMARK [1][-]{section.A.4}{\376\377\000M\000\343\000\040\000V\000e\000r\000i\000l\000o\000g\000\040\000R\000e\000a\000d\000\040\000M\000a\000s\000t\000e\000r}{appendix.A}% 33
\BOOKMARK [1][-]{section.A.5}{\376\377\000M\000\343\000\040\000V\000e\000r\000i\000l\000o\000g\000\040\000W\000r\000i\000t\000e\000\040\000M\000a\000s\000t\000e\000r}{appendix.A}% 34
\BOOKMARK [1][-]{section.A.6}{\376\377\000M\000\343\000\040\000n\000g\000u\036\323\000n\000\040\000C\000\040\000k\000i\036\303\000m\000\040\000t\000h\036\355\000\040\000D\000M\000A}{appendix.A}% 35
\BOOKMARK [0][-]{appendix.A}{\376\377\000M\036\330\000T\000\040\000S\036\320\000\040\000L\036\326\000I\000\040\000T\000H\001\257\036\334\000N\000G\000\040\000G\036\266\000P}{}% 36
\BOOKMARK [1][-]{section.A.1}{\376\377\000L\036\327\000i\000\040\000T\036\241\000o\000\040\000B\000S\000P\000\040\000h\000o\036\267\000c\000\040\000B\000i\000\352\000n\000\040\000d\036\313\000c\000h\000\040\036\350\000n\000g\000\040\000d\036\345\000n\000g}{appendix.A}% 37
\BOOKMARK [1][-]{section.A.2}{\376\377\000S\036\361\000\040\000c\036\321\000\040\000K\036\277\000t\000\040\000n\036\321\000i\000\040\000J\000T\000A\000G\000\040\000v\000\340\000\040\000D\000e\000b\000u\000g}{appendix.A}% 38
\BOOKMARK [1][-]{section.A.3}{\376\377\000K\000h\000\364\000n\000g\000\040\000c\000\363\000\040\000f\000i\000l\000e\000\040\000`\000.\000s\000o\000f\000`\000\040\001\021\036\303\000\040\000n\036\241\000p\000\040\000x\000u\036\321\000n\000g\000\040\000b\000o\000a\000r\000d}{appendix.A}% 39
\BOOKMARK [1][-]{section.A.4}{\376\377\000N\000\352\000n\000\040\000s\036\355\000\040\000d\036\345\000n\000g\000\040\000b\036\243\000n\000\040\000Q\000u\000a\000r\000t\000u\000s\000\040\000n\000\340\000o\000\040\000k\000h\000i\000\040\000x\000\342\000y\000\040\000d\036\361\000n\000g\000\040\000h\036\307\000\040\000t\000h\036\321\000n\000g\000\040\000N\000i\000o\000s\000\040\000V}{appendix.A}% 40
\BOOKMARK [1][-]{section.A.5}{\376\377\000L\036\245\000y\000\040\000G\000i\036\245\000y\000\040\000p\000h\000\351\000p\000\040\000\050\000L\000i\000c\000e\000n\000s\000e\000\051\000\040\000N\000i\000o\000s\000\040\000V\000/\000m}{appendix.A}% 41
\BOOKMARK [1][-]{section.A.6}{\376\377\000Q\000u\000y\000\040\000t\000r\000\354\000n\000h\000\040\000G\000e\000n\000e\000r\000a\000t\000e\000\040\000T\000e\000s\000t\000b\000e\000n\000c\000h\000\040\000S\000y\000s\000t\000e\000m\000\040\000t\000r\000\352\000n\000\040\000L\000i\000n\000u\000x\000\040\000v\000\340\000\040\000C\000h\036\241\000y\000\040\000M\000\364\000\040\000p\000h\036\317\000n\000g\000\040\000N\000i\000o\000s\000\040\000V\000\040\000d\000\371\000n\000g\000\040\000Q\000u\000e\000s\000t\000a\000\040\000S\000i\000m\000\040\000t\000r\000\352\000n\000\040\000W\000i\000n\000d\000o\000w\000s}{appendix.A}% 42
\BOOKMARK [1][-]{section.A.7}{\376\377\000S\000i\000g\000n\000a\000l\000\040\000T\000a\000p\000\040\000c\000h\036\311\000\040\000t\000h\000u\000\040\000t\000h\036\255\000p\000\040\001\021\001\260\036\343\000c\000\040\000m\036\331\000t\000\040\000p\000h\036\247\000n\000\040\000n\000h\036\317\000\040\000t\000\355\000n\000\040\000h\000i\036\307\000u}{appendix.A}% 43
